<?xml version="1.0" encoding="UTF-8"?>
<testng-results skipped="0" failed="0" total="2" passed="2">
  <reporter-output>
  </reporter-output>
  <suite name="Batchfw" duration-ms="104076" started-at="2017-04-02T15:15:17Z" finished-at="2017-04-02T15:17:01Z">
    <groups>
      <group name="smoke">
        <method signature="Scenario_Search.testInvalidSearch(java.util.Map)[pri:0, instance:ScenarioComponent.Scenario_Search@71318ec4]" name="testInvalidSearch" class="ScenarioComponent.Scenario_Search"/>
      </group> <!-- smoke -->
    </groups>
    <test name="RegSet1" duration-ms="104076" started-at="2017-04-02T15:15:17Z" finished-at="2017-04-02T15:17:01Z">
      <class name="ScenarioComponent.Scenario_Search">
        <test-method status="PASS" signature="testInvalidSearch(java.util.Map)[pri:0, instance:ScenarioComponent.Scenario_Search@71318ec4]" name="testInvalidSearch" duration-ms="57430" started-at="2017-04-02T20:45:17Z" data-provider="dp_InvalidSearch" finished-at="2017-04-02T20:46:14Z">
          <params>
            <param index="0">
              <value>
                <![CDATA[{=, Execute_Flag=Y, TC_ID=GB_01, Script_name=InvalidSearch, Search_Item=###$, Exp_Result=Sorry! There are no products to display., Order_Set=1.0}]]>
              </value>
            </param>
          </params>
          <reporter-output>
          </reporter-output>
        </test-method> <!-- testInvalidSearch -->
        <test-method status="PASS" signature="testInvalidSearch(java.util.Map)[pri:0, instance:ScenarioComponent.Scenario_Search@71318ec4]" name="testInvalidSearch" duration-ms="46476" started-at="2017-04-02T20:46:14Z" data-provider="dp_InvalidSearch" finished-at="2017-04-02T20:47:01Z">
          <params>
            <param index="0">
              <value>
                <![CDATA[{=, Execute_Flag=Y, TC_ID=GB_01, Script_name=InvalidSearch, Search_Item=####, Exp_Result=Sorry! There are no products to display., Order_Set=2.0}]]>
              </value>
            </param>
          </params>
          <reporter-output>
          </reporter-output>
        </test-method> <!-- testInvalidSearch -->
      </class> <!-- ScenarioComponent.Scenario_Search -->
    </test> <!-- RegSet1 -->
  </suite> <!-- Batchfw -->
</testng-results>
